# JRE version: OpenJDK Runtime Environment (12.0.1+12) (build 12.0.1+12)
# Java VM: OpenJDK 64-Bit Server VM (12.0.1+12, mixed mode, sharing, tiered, compressed oops, g1 gc, bsd-amd64)
Heap:
 garbage-first heap   total 524288K, used 261332K [0x00000007e0000000, 0x0000000800000000)
  region size 1024K, 60 young (61440K), 28 survivors (28672K)
 Metaspace       used 94396K, capacity 99090K, committed 99328K, reserved 339968K
  class space    used 11776K, capacity 13419K, committed 13568K, reserved 253952K
GC Heap History (10 events):
Event: 853.801 GC heap before
{Heap before GC invocations=56 (full 0):
 garbage-first heap   total 524288K, used 199892K [0x00000007e0000000, 0x0000000800000000)
  region size 1024K, 25 young (25600K), 2 survivors (2048K)
 Metaspace       used 92961K, capacity 97297K, committed 98432K, reserved 339968K
  class space    used 11614K, capacity 13108K, committed 13440K, reserved 253952K
}
Event: 853.823 GC heap after
{Heap after GC invocations=57 (full 0):
 garbage-first heap   total 524288K, used 176550K [0x00000007e0000000, 0x0000000800000000)
  region size 1024K, 3 young (3072K), 3 survivors (3072K)
 Metaspace       used 92961K, capacity 97297K, committed 98432K, reserved 339968K
  class space    used 11614K, capacity 13108K, committed 13440K, reserved 253952K
}
Event: 857.963 GC heap before
{Heap before GC invocations=57 (full 0):
 garbage-first heap   total 524288K, used 398758K [0x00000007e0000000, 0x0000000800000000)
  region size 1024K, 220 young (225280K), 3 survivors (3072K)
 Metaspace       used 93140K, capacity 97517K, committed 98432K, reserved 339968K
  class space    used 11621K, capacity 13122K, committed 13440K, reserved 253952K
}
Event: 857.979 GC heap after
{Heap after GC invocations=58 (full 0):
 garbage-first heap   total 524288K, used 177153K [0x00000007e0000000, 0x0000000800000000)
  region size 1024K, 4 young (4096K), 4 survivors (4096K)
 Metaspace       used 93140K, capacity 97517K, committed 98432K, reserved 339968K
  class space    used 11621K, capacity 13122K, committed 13440K, reserved 253952K
}
Event: 4709.388 GC heap before
{Heap before GC invocations=59 (full 0):
 garbage-first heap   total 524288K, used 411649K [0x00000007e0000000, 0x0000000800000000)
  region size 1024K, 229 young (234496K), 4 survivors (4096K)
 Metaspace       used 93918K, capacity 98513K, committed 99072K, reserved 339968K
  class space    used 11697K, capacity 13298K, committed 13568K, reserved 253952K
}
Event: 4709.467 GC heap after
{Heap after GC invocations=60 (full 0):
 garbage-first heap   total 524288K, used 190639K [0x00000007e0000000, 0x0000000800000000)
  region size 1024K, 17 young (17408K), 17 survivors (17408K)
 Metaspace       used 93918K, capacity 98513K, committed 99072K, reserved 339968K
  class space    used 11697K, capacity 13298K, committed 13568K, reserved 253952K
}
Event: 4714.137 GC heap before
{Heap before GC invocations=60 (full 0):
 garbage-first heap   total 524288K, used 198831K [0x00000007e0000000, 0x0000000800000000)
  region size 1024K, 25 young (25600K), 17 survivors (17408K)
 Metaspace       used 93972K, capacity 98576K, committed 99072K, reserved 339968K
  class space    used 11714K, capacity 13322K, committed 13568K, reserved 253952K
}
Event: 4714.222 GC heap after
{Heap after GC invocations=61 (full 0):
 garbage-first heap   total 524288K, used 189573K [0x00000007e0000000, 0x0000000800000000)
  region size 1024K, 3 young (3072K), 3 survivors (3072K)
 Metaspace       used 93972K, capacity 98576K, committed 99072K, reserved 339968K
  class space    used 11714K, capacity 13322K, committed 13568K, reserved 253952K
}
Event: 4716.315 GC heap before
{Heap before GC invocations=61 (full 0):
 garbage-first heap   total 524288K, used 412805K [0x00000007e0000000, 0x0000000800000000)
  region size 1024K, 222 young (227328K), 3 survivors (3072K)
 Metaspace       used 94395K, capacity 99090K, committed 99328K, reserved 339968K
  class space    used 11776K, capacity 13419K, committed 13568K, reserved 253952K
}
Event: 4716.444 GC heap after
{Heap after GC invocations=62 (full 0):
 garbage-first heap   total 524288K, used 230612K [0x00000007e0000000, 0x0000000800000000)
  region size 1024K, 28 young (28672K), 28 survivors (28672K)
 Metaspace       used 94395K, capacity 99090K, committed 99328K, reserved 339968K
  class space    used 11776K, capacity 13419K, committed 13568K, reserved 253952K
}

